2022-11-09 18:50:07.905  INFO 2704 --- [main] com.example.aws.AwsApplication           : Starting AwsApplication using Java 17.0.5 on DESKTOP-LFAH20T with PID 2704 (E:\IT\Projects\aws\target\classes started by root in E:\IT\Projects\aws)
2022-11-09 18:50:07.911  INFO 2704 --- [main] com.example.aws.AwsApplication           : No active profile set, falling back to 1 default profile: "default"
2022-11-09 18:50:08.925  INFO 2704 --- [main] .s.d.r.c.RepositoryConfigurationDelegate : Bootstrapping Spring Data JPA repositories in DEFAULT mode.
2022-11-09 18:50:09.015  INFO 2704 --- [main] .s.d.r.c.RepositoryConfigurationDelegate : Finished Spring Data repository scanning in 69 ms. Found 1 JPA repository interfaces.
2022-11-09 18:50:09.966  INFO 2704 --- [main] o.s.b.w.embedded.tomcat.TomcatWebServer  : Tomcat initialized with port(s): 8180 (http)
2022-11-09 18:50:09.979  INFO 2704 --- [main] o.apache.catalina.core.StandardService   : Starting service [Tomcat]
2022-11-09 18:50:09.979  INFO 2704 --- [main] org.apache.catalina.core.StandardEngine  : Starting Servlet engine: [Apache Tomcat/9.0.68]
2022-11-09 18:50:10.225  INFO 2704 --- [main] o.a.c.c.C.[Tomcat].[localhost].[/]       : Initializing Spring embedded WebApplicationContext
2022-11-09 18:50:10.226  INFO 2704 --- [main] w.s.c.ServletWebServerApplicationContext : Root WebApplicationContext: initialization completed in 2234 ms
2022-11-09 18:50:10.582  INFO 2704 --- [main] o.hibernate.jpa.internal.util.LogHelper  : HHH000204: Processing PersistenceUnitInfo [name: default]
2022-11-09 18:50:10.662  INFO 2704 --- [main] org.hibernate.Version                    : HHH000412: Hibernate ORM core version 5.6.12.Final
2022-11-09 18:50:10.939  INFO 2704 --- [main] o.hibernate.annotations.common.Version   : HCANN000001: Hibernate Commons Annotations {5.1.2.Final}
2022-11-09 18:50:11.074  INFO 2704 --- [main] com.zaxxer.hikari.HikariDataSource       : HikariPool-1 - Starting...
2022-11-09 18:50:11.503  INFO 2704 --- [main] com.zaxxer.hikari.HikariDataSource       : HikariPool-1 - Start completed.
2022-11-09 18:50:11.518  INFO 2704 --- [main] org.hibernate.dialect.Dialect            : HHH000400: Using dialect: org.hibernate.dialect.MySQL5InnoDBDialect
2022-11-09 18:50:12.456  INFO 2704 --- [main] o.h.e.t.j.p.i.JtaPlatformInitiator       : HHH000490: Using JtaPlatform implementation: [org.hibernate.engine.transaction.jta.platform.internal.NoJtaPlatform]
2022-11-09 18:50:12.465  INFO 2704 --- [main] j.LocalContainerEntityManagerFactoryBean : Initialized JPA EntityManagerFactory for persistence unit 'default'
2022-11-09 18:50:12.979  WARN 2704 --- [main] JpaBaseConfiguration$JpaWebConfiguration : spring.jpa.open-in-view is enabled by default. Therefore, database queries may be performed during view rendering. Explicitly configure spring.jpa.open-in-view to disable this warning
2022-11-09 18:50:13.446  INFO 2704 --- [main] o.s.b.w.embedded.tomcat.TomcatWebServer  : Tomcat started on port(s): 8180 (http) with context path ''
2022-11-09 18:50:13.456  INFO 2704 --- [main] com.example.aws.AwsApplication           : Started AwsApplication in 6.168 seconds (JVM running for 6.823)
2022-11-09 18:50:20.250  INFO 2704 --- [SpringApplicationShutdownHook] j.LocalContainerEntityManagerFactoryBean : Closing JPA EntityManagerFactory for persistence unit 'default'
2022-11-09 18:50:20.253  INFO 2704 --- [SpringApplicationShutdownHook] com.zaxxer.hikari.HikariDataSource       : HikariPool-1 - Shutdown initiated...
2022-11-09 18:50:20.264  INFO 2704 --- [SpringApplicationShutdownHook] com.zaxxer.hikari.HikariDataSource       : HikariPool-1 - Shutdown completed.
